type,time,latitude,longitude,accuracy (m),altitude (m),geoid_height (m),speed (m/s),bearing (deg),sat_used,sat_inview,name,desc
W,2018-08-01 09:38:05,12.99313821,77.66350361,12,945.645,-86.349,0.000,,9,36,,Test
T,2018-08-01 09:46:37,12.99313038,77.66357121,3,952.335,-86.349,0.000,,17,35,20180801-150805,GPS Logger: 20180801-150805
T,2018-08-01 09:46:38,12.99313044,77.66357570,3,952.137,-86.349,0.000,,17,35,,
T,2018-08-01 09:46:39,12.99313229,77.66357856,3,952.316,-86.349,0.000,,17,35,,
T,2018-08-01 09:46:40,12.99313317,77.66358006,3,953.374,-86.349,0.000,,16,35,,
T,2018-08-01 09:46:41,12.99313230,77.66357918,3,953.499,-86.349,0.000,,17,35,,
T,2018-08-01 09:46:42,12.99313114,77.66357897,3,954.148,-86.349,0.000,,17,35,,
T,2018-08-01 09:46:43,12.99313089,77.66357883,3,954.074,-86.349,0.000,,19,35,,
T,2018-08-01 09:46:44,12.99313239,77.66357876,3,953.949,-86.349,0.000,,19,35,,
T,2018-08-01 09:46:45,12.99313410,77.66357918,3,954.073,-86.349,0.000,,19,35,,
T,2018-08-01 09:46:46,12.99313462,77.66357938,3,953.851,-86.349,0.000,,19,35,,
T,2018-08-01 09:46:47,12.99313542,77.66357991,3,954.001,-86.349,0.000,,19,35,,
T,2018-08-01 09:46:48,12.99313537,77.66358002,3,953.962,-86.349,0.000,,19,35,,
T,2018-08-01 09:46:49,12.99313521,77.66358004,3,953.923,-86.349,0.000,,19,35,,
T,2018-08-01 09:46:50,12.99314313,77.66359064,3,954.539,-86.349,0.880,341,18,35,,
T,2018-08-01 09:46:51,12.99314793,77.66360119,3,953.699,-86.349,1.060,340,18,36,,
T,2018-08-01 09:46:52,12.99314647,77.66361212,3,954.267,-86.349,0.750,119,20,36,,
T,2018-08-01 09:46:53,12.99314314,77.66363051,3,953.025,-86.349,1.120,83,20,36,,
T,2018-08-01 09:46:54,12.99314332,77.66365141,3,952.681,-86.349,1.270,83,20,36,,
T,2018-08-01 09:46:56,12.99314706,77.66368383,3,952.025,-86.349,0.160,84,12,22,,
T,2018-08-01 09:46:57,12.99314671,77.66369190,3,951.861,-86.349,1.070,93,11,21,,
T,2018-08-01 09:46:58,12.99314778,77.66370312,3,949.871,-86.349,0.910,93,11,21,,
T,2018-08-01 09:46:59,12.99314874,77.66371473,3,948.562,-86.349,0.760,94,11,22,,
T,2018-08-01 09:47:00,12.99314941,77.66372664,3,947.323,-86.349,0.820,94,10,22,,
T,2018-08-01 09:47:01,12.99314950,77.66374319,3,945.633,-86.349,1.510,88,10,22,,
T,2018-08-01 09:47:02,12.99315180,77.66375951,3,946.410,-86.349,0.790,94,9,21,,
T,2018-08-01 09:47:03,12.99315076,77.66377004,3,947.250,-86.349,0.730,94,11,20,,
T,2018-08-01 09:47:04,12.99314747,77.66378025,4,949.707,-86.349,0.910,94,12,18,,
T,2018-08-01 09:47:05,12.99314391,77.66378572,4,948.975,-86.349,0.380,94,13,20,,
T,2018-08-01 09:47:06,12.99314642,77.66378705,4,947.461,-86.349,1.050,354,12,19,,
T,2018-08-01 09:47:07,12.99315455,77.66378914,5,949.798,-86.349,0.870,341,14,21,,
T,2018-08-01 09:47:08,12.99316421,77.66379137,5,946.511,-86.349,1.140,6,14,21,,
T,2018-08-01 09:47:09,12.99317671,77.66379845,5,944.024,-86.349,1.070,18,14,21,,
T,2018-08-01 09:47:10,12.99318868,77.66380770,4,942.093,-86.349,1.280,18,12,21,,
T,2018-08-01 09:47:11,12.99320365,77.66381664,4,940.427,-86.349,1.230,8,12,20,,
T,2018-08-01 09:47:12,12.99322058,77.66382460,5,938.990,-86.349,1.420,6,12,20,,
T,2018-08-01 09:47:13,12.99323727,77.66383186,4,937.468,-86.349,1.320,7,12,19,,
T,2018-08-01 09:47:14,12.99325260,77.66384040,4,937.121,-86.349,1.220,19,15,22,,
T,2018-08-01 09:47:15,12.99326507,77.66384730,4,939.133,-86.349,1.050,333,14,21,,
T,2018-08-01 09:47:16,12.99327891,77.66385356,4,937.768,-86.349,1.350,334,13,20,,
T,2018-08-01 09:47:17,12.99329365,77.66385541,5,936.489,-86.349,1.190,334,14,22,,
T,2018-08-01 09:47:18,12.99330887,77.66385602,5,934.957,-86.349,1.330,334,13,22,,
T,2018-08-01 09:47:19,12.99332449,77.66385837,5,934.739,-86.349,1.360,352,12,21,,
T,2018-08-01 09:47:20,12.99333974,77.66386251,5,936.028,-86.349,1.240,5,13,21,,
T,2018-08-01 09:47:21,12.99335398,77.66386986,5,935.849,-86.349,1.250,12,13,22,,
T,2018-08-01 09:47:22,12.99336712,77.66387890,5,935.546,-86.348,1.190,29,9,18,,
T,2018-08-01 09:47:23,12.99337866,77.66388814,6,934.677,-86.348,1.220,28,13,21,,
T,2018-08-01 09:47:24,12.99339091,77.66390321,6,931.724,-86.348,1.410,35,11,19,,
T,2018-08-01 09:47:25,12.99340237,77.66391527,8,931.246,-86.348,1.030,31,14,22,,
T,2018-08-01 09:47:26,12.99341255,77.66392549,8,932.272,-86.348,1.190,30,12,21,,
T,2018-08-01 09:47:27,12.99342577,77.66393543,8,929.785,-86.348,1.400,17,13,21,,
T,2018-08-01 09:47:28,12.99343448,77.66395006,6,925.014,-86.348,1.180,17,12,20,,
T,2018-08-01 09:47:29,12.99344527,77.66395996,6,923.838,-86.348,1.460,16,12,21,,
T,2018-08-01 09:47:30,12.99345998,77.66396762,6,920.911,-86.348,1.270,17,11,20,,
T,2018-08-01 09:47:31,12.99347443,77.66396946,8,920.763,-86.348,1.210,17,12,21,,
T,2018-08-01 09:47:32,12.99348812,77.66396975,9,920.533,-86.348,1.370,351,13,22,,
T,2018-08-01 09:47:33,12.99350325,77.66396760,9,920.953,-86.348,1.520,349,11,20,,
T,2018-08-01 09:47:34,12.99351803,77.66396681,9,916.612,-86.348,1.290,359,11,20,,
T,2018-08-01 09:47:35,12.99353339,77.66396499,8,916.184,-86.348,1.250,359,10,19,,
T,2018-08-01 09:47:36,12.99355188,77.66396063,8,915.954,-86.348,1.790,355,13,21,,
T,2018-08-01 09:47:37,12.99357036,77.66395715,8,912.597,-86.348,1.270,359,12,19,,
T,2018-08-01 09:47:38,12.99358744,77.66395222,8,912.896,-86.348,1.380,354,14,21,,
T,2018-08-01 09:47:39,12.99360023,77.66395256,6,908.586,-86.347,1.000,0,15,22,,
T,2018-08-01 09:47:40,12.99361274,77.66395234,6,908.416,-86.347,1.150,355,12,20,,
T,2018-08-01 09:47:41,12.99362417,77.66395049,8,909.713,-86.347,1.170,358,14,20,,
T,2018-08-01 09:47:42,12.99363732,77.66395065,8,910.602,-86.347,1.490,3,13,19,,
T,2018-08-01 09:47:43,12.99364780,77.66395324,8,906.086,-86.347,1.080,349,14,20,,
T,2018-08-01 09:47:44,12.99365582,77.66395745,5,906.578,-86.347,0.830,351,14,20,,
T,2018-08-01 09:47:45,12.99366605,77.66396307,6,908.485,-86.347,1.490,351,17,36,,
T,2018-08-01 09:47:46,12.99367545,77.66395821,6,916.835,-86.347,1.000,349,17,37,,
T,2018-08-01 09:47:47,12.99369007,77.66394441,5,919.351,-86.347,2.030,358,24,37,,
T,2018-08-01 09:47:48,12.99370867,77.66392312,6,920.571,-86.347,2.170,329,24,37,,
T,2018-08-01 09:47:49,12.99372125,77.66390305,5,922.239,-86.347,1.400,325,25,37,,
T,2018-08-01 09:47:50,12.99372683,77.66388765,4,919.312,-86.347,0.940,329,25,37,,
T,2018-08-01 09:47:51,12.99373372,77.66387450,5,922.506,-86.347,1.180,335,26,37,,
T,2018-08-01 09:47:52,12.99374494,77.66386138,4,922.866,-86.347,1.420,335,24,37,,
T,2018-08-01 09:47:53,12.99376243,77.66384960,4,922.926,-86.347,1.760,343,20,37,,
T,2018-08-01 09:47:54,12.99377541,77.66383526,4,925.678,-86.347,1.330,335,20,37,,
T,2018-08-01 09:47:55,12.99378645,77.66382109,4,926.544,-86.347,1.310,329,21,37,,
T,2018-08-01 09:47:56,12.99379340,77.66380702,4,927.245,-86.347,0.710,314,22,37,,
T,2018-08-01 09:47:57,12.99380232,77.66379306,4,927.423,-86.347,1.200,326,22,37,,
T,2018-08-01 09:47:58,12.99381958,77.66377578,5,928.666,-86.346,1.930,327,22,37,,
T,2018-08-01 09:47:59,12.99383657,77.66375725,5,927.957,-86.346,1.790,325,22,37,,
T,2018-08-01 09:48:00,12.99384832,77.66374338,4,926.643,-86.346,1.030,325,15,22,,
T,2018-08-01 09:48:01,12.99385511,77.66372865,5,924.774,-86.346,0.910,321,15,20,,
T,2018-08-01 09:48:02,12.99386852,77.66371758,4,920.239,-86.346,1.060,354,16,21,,
T,2018-08-01 09:48:03,12.99388477,77.66370944,4,920.541,-86.346,1.040,354,13,19,,
T,2018-08-01 09:48:04,12.99389859,77.66370651,5,919.738,-86.346,0.830,354,16,22,,
T,2018-08-01 09:48:05,12.99391217,77.66370531,5,915.977,-86.346,0.900,355,14,20,,
T,2018-08-01 09:48:06,12.99392580,77.66370333,4,915.505,-86.346,1.160,360,11,20,,
T,2018-08-01 09:48:07,12.99394044,77.66369956,4,915.889,-86.346,1.120,346,9,19,,
T,2018-08-01 09:48:08,12.99395248,77.66369464,5,913.912,-86.346,0.750,355,12,22,,
T,2018-08-01 09:48:09,12.99396495,77.66369067,5,913.730,-86.346,1.070,355,10,19,,
T,2018-08-01 09:48:10,12.99397815,77.66368608,5,913.959,-86.346,0.900,342,11,20,,
T,2018-08-01 09:48:11,12.99398995,77.66368522,5,913.914,-86.346,0.820,352,13,21,,
T,2018-08-01 09:48:12,12.99400374,77.66368185,4,912.934,-86.346,1.250,348,13,21,,
T,2018-08-01 09:48:13,12.99401906,77.66368009,4,912.133,-86.346,1.160,347,10,18,,
T,2018-08-01 09:48:14,12.99403213,77.66367775,4,912.249,-86.345,0.930,347,13,21,,
T,2018-08-01 09:48:15,12.99404527,77.66367368,4,912.542,-86.345,1.240,347,12,21,,
T,2018-08-01 09:48:16,12.99405856,77.66366783,4,914.103,-86.345,1.000,347,13,18,,
T,2018-08-01 09:48:17,12.99407102,77.66366086,4,914.667,-86.345,1.150,347,16,21,,
T,2018-08-01 09:48:18,12.99408277,77.66365092,4,911.934,-86.345,1.060,346,15,21,,
T,2018-08-01 09:48:19,12.99409338,77.66363870,4,911.272,-86.345,0.890,346,16,22,,
T,2018-08-01 09:48:20,12.99410460,77.66362881,4,911.456,-86.345,1.160,338,14,20,,
T,2018-08-01 09:48:21,12.99411765,77.66361679,4,905.429,-86.345,0.980,348,15,21,,
T,2018-08-01 09:48:22,12.99412716,77.66360415,4,902.708,-86.345,1.120,347,12,20,,
T,2018-08-01 09:48:23,12.99413909,77.66359231,4,901.037,-86.345,1.340,346,13,20,,
T,2018-08-01 09:48:24,12.99415108,77.66358108,4,901.157,-86.345,1.140,346,16,21,,
T,2018-08-01 09:48:25,12.99415996,77.66357213,4,901.218,-86.345,0.930,350,17,22,,
T,2018-08-01 09:48:26,12.99416972,77.66356232,4,900.809,-86.345,1.190,343,17,22,,
T,2018-08-01 09:48:27,12.99417997,77.66355219,3,900.240,-86.345,1.300,338,15,20,,
T,2018-08-01 09:48:28,12.99418419,77.66354775,3,901.836,-86.345,0.540,341,15,20,,
T,2018-08-01 09:48:29,12.99418590,77.66354525,4,901.307,-86.345,0.450,344,16,21,,
T,2018-08-01 09:48:30,12.99418593,77.66354386,4,902.836,-86.345,0.180,344,17,37,,
T,2018-08-01 09:48:31,12.99418501,77.66354055,4,903.565,-86.345,0.440,344,20,38,,
T,2018-08-01 09:48:32,12.99419520,77.66353439,3,904.786,-86.345,1.380,335,24,38,,
T,2018-08-01 09:48:33,12.99420897,77.66352753,3,904.904,-86.345,1.290,331,26,38,,
T,2018-08-01 09:48:34,12.99422172,77.66352064,3,905.112,-86.345,1.400,332,26,37,,
T,2018-08-01 09:48:35,12.99423211,77.66351372,3,907.023,-86.344,1.130,324,26,37,,
T,2018-08-01 09:48:36,12.99423655,77.66351231,3,907.103,-86.344,0.160,324,27,37,,
T,2018-08-01 09:48:37,12.99423657,77.66351325,3,907.441,-86.344,0.180,324,27,37,,
T,2018-08-01 09:48:38,12.99423770,77.66351286,3,907.945,-86.344,0.000,,26,37,,
T,2018-08-01 09:48:39,12.99423877,77.66350997,3,907.174,-86.344,0.180,324,24,37,,
T,2018-08-01 09:48:40,12.99424468,77.66350588,3,906.804,-86.344,0.670,322,24,37,,
T,2018-08-01 09:48:41,12.99425475,77.66349758,3,906.570,-86.344,1.040,324,22,38,,
T,2018-08-01 09:48:42,12.99426269,77.66349128,3,906.683,-86.344,0.640,317,22,38,,
T,2018-08-01 09:48:43,12.99427391,77.66348627,3,906.214,-86.344,1.050,303,18,23,,
T,2018-08-01 09:48:44,12.99428495,77.66347255,3,906.995,-86.344,1.640,289,17,22,,
T,2018-08-01 09:48:45,12.99429084,77.66345830,3,907.135,-86.344,1.360,272,16,21,,
T,2018-08-01 09:48:46,12.99429020,77.66345016,3,907.294,-86.344,0.600,270,18,23,,
T,2018-08-01 09:48:47,12.99429517,77.66344814,3,907.332,-86.344,0.760,270,16,21,,
T,2018-08-01 09:48:48,12.99430523,77.66344149,3,908.014,-86.344,1.270,311,17,22,,
T,2018-08-01 09:48:49,12.99431524,77.66343171,3,908.586,-86.344,1.190,270,18,23,,
T,2018-08-01 09:48:50,12.99432133,77.66342355,3,907.093,-86.344,0.780,270,17,22,,
T,2018-08-01 09:48:51,12.99432248,77.66341133,3,905.976,-86.344,1.210,268,17,22,,
T,2018-08-01 09:48:52,12.99431886,77.66339406,3,907.477,-86.344,1.710,243,18,23,,
T,2018-08-01 09:48:53,12.99431410,77.66337725,3,905.606,-86.344,1.240,244,16,22,,
T,2018-08-01 09:48:54,12.99431249,77.66336087,3,905.292,-86.344,1.260,245,15,21,,
T,2018-08-01 09:48:55,12.99430988,77.66334579,3,905.032,-86.344,1.280,245,15,20,,
T,2018-08-01 09:48:56,12.99430525,77.66333206,3,902.232,-86.344,1.100,245,17,22,,
T,2018-08-01 09:48:57,12.99430074,77.66332092,3,902.899,-86.344,0.850,246,16,21,,
T,2018-08-01 09:48:58,12.99429840,77.66330977,3,903.526,-86.344,0.910,246,16,21,,
T,2018-08-01 09:48:59,12.99429770,77.66329836,4,904.215,-86.344,1.250,244,15,20,,
T,2018-08-01 09:49:00,12.99429587,77.66328755,4,905.533,-86.344,1.030,242,17,22,,
T,2018-08-01 09:49:01,12.99429300,77.66327771,3,904.213,-86.344,1.040,235,17,22,,
T,2018-08-01 09:49:02,12.99428730,77.66326821,3,903.382,-86.344,1.200,231,16,21,,
T,2018-08-01 09:49:03,12.99427958,77.66325567,3,902.193,-86.344,1.590,233,17,22,,
T,2018-08-01 09:49:04,12.99427311,77.66324356,3,901.758,-86.344,1.010,235,15,20,,
T,2018-08-01 09:49:05,12.99426856,77.66323196,3,901.403,-86.344,1.280,240,17,23,,
T,2018-08-01 09:49:06,12.99426549,77.66322070,4,900.410,-86.344,0.850,242,15,21,,
T,2018-08-01 09:49:07,12.99426226,77.66320995,3,898.533,-86.344,1.030,244,14,20,,
T,2018-08-01 09:49:08,12.99426251,77.66320064,4,897.555,-86.344,0.770,250,16,22,,
T,2018-08-01 09:49:09,12.99426237,77.66319094,4,896.903,-86.344,0.970,243,17,23,,
T,2018-08-01 09:49:10,12.99426024,77.66317965,4,897.992,-86.344,1.160,236,16,22,,
T,2018-08-01 09:49:11,12.99425871,77.66317109,3,896.970,-86.344,0.400,236,15,21,,
T,2018-08-01 09:49:12,12.99425890,77.66316708,4,896.778,-86.344,0.000,,16,22,,
T,2018-08-01 09:49:13,12.99425527,77.66316149,4,896.188,-86.344,0.900,236,15,22,,
T,2018-08-01 09:49:14,12.99424976,77.66315475,4,897.975,-86.344,0.490,236,16,22,,
T,2018-08-01 09:49:15,12.99424540,77.66315115,4,896.787,-86.344,0.320,236,14,20,,
T,2018-08-01 09:49:16,12.99423831,77.66314519,4,896.595,-86.344,0.920,236,16,21,,
T,2018-08-01 09:49:17,12.99423008,77.66313383,4,896.527,-86.344,1.070,236,16,21,,
T,2018-08-01 09:49:18,12.99422538,77.66312244,4,897.300,-86.344,0.730,236,16,21,,
T,2018-08-01 09:49:19,12.99422131,77.66311334,4,900.500,-86.344,0.400,236,17,22,,
T,2018-08-01 09:49:20,12.99421598,77.66310208,4,900.147,-86.344,1.240,246,13,18,,
T,2018-08-01 09:49:21,12.99420794,77.66308957,4,900.262,-86.344,1.160,238,16,21,,
T,2018-08-01 09:49:22,12.99419846,77.66307475,4,902.126,-86.344,1.180,247,14,20,,
T,2018-08-01 09:49:23,12.99418696,77.66305482,4,900.054,-86.345,1.540,246,17,23,,
T,2018-08-01 09:49:24,12.99417512,77.66303804,4,899.561,-86.345,1.150,246,16,22,,
T,2018-08-01 09:49:25,12.99416517,77.66302386,4,899.067,-86.345,1.040,240,14,20,,
T,2018-08-01 09:49:26,12.99415526,77.66300820,3,898.678,-86.345,1.570,241,17,22,,
T,2018-08-01 09:49:27,12.99414820,77.66299392,3,897.241,-86.345,0.760,241,16,21,,
T,2018-08-01 09:49:28,12.99414278,77.66298095,3,896.824,-86.345,1.100,241,17,23,,
T,2018-08-01 09:49:29,12.99413707,77.66297041,3,896.085,-86.345,0.570,241,13,19,,
T,2018-08-01 09:49:30,12.99413067,77.66295910,3,895.229,-86.345,1.280,241,14,20,,
T,2018-08-01 09:49:31,12.99412521,77.66294417,3,892.980,-86.345,1.160,237,14,21,,
T,2018-08-01 09:49:32,12.99411905,77.66293112,3,892.609,-86.345,1.210,237,16,22,,
T,2018-08-01 09:49:33,12.99411108,77.66291678,3,892.315,-86.345,1.590,237,15,21,,
T,2018-08-01 09:49:34,12.99410305,77.66290039,3,893.278,-86.345,1.560,243,16,22,,
T,2018-08-01 09:49:35,12.99409500,77.66288322,3,893.402,-86.345,1.670,246,15,22,,
T,2018-08-01 09:49:36,12.99408830,77.66286547,3,892.689,-86.345,1.710,249,13,21,,
T,2018-08-01 09:49:37,12.99408189,77.66284695,3,892.429,-86.345,1.860,246,13,21,,
T,2018-08-01 09:49:38,12.99407456,77.66283092,3,891.830,-86.345,1.310,245,13,22,,
T,2018-08-01 09:49:39,12.99406821,77.66281751,3,891.168,-86.345,1.540,252,12,21,,
T,2018-08-01 09:49:40,12.99406449,77.66280448,3,887.769,-86.345,1.420,252,14,23,,
T,2018-08-01 09:49:41,12.99406123,77.66279150,3,887.367,-86.345,1.380,252,13,22,,
T,2018-08-01 09:49:42,12.99405767,77.66277777,3,885.958,-86.345,1.540,255,12,22,,
T,2018-08-01 09:49:43,12.99405291,77.66276376,3,886.100,-86.345,1.680,242,13,23,,
T,2018-08-01 09:49:44,12.99404687,77.66274932,3,887.130,-86.345,1.570,243,12,22,,
T,2018-08-01 09:49:45,12.99404172,77.66273586,3,886.982,-86.345,1.490,242,12,22,,
T,2018-08-01 09:49:46,12.99403619,77.66272306,3,887.181,-86.345,1.560,245,12,22,,
T,2018-08-01 09:49:47,12.99403189,77.66271381,3,887.318,-86.345,0.910,244,12,22,,
T,2018-08-01 09:49:48,12.99402789,77.66270473,3,887.220,-86.345,1.410,245,10,20,,
T,2018-08-01 09:49:49,12.99402312,77.66269356,3,887.769,-86.345,1.270,245,12,23,,
T,2018-08-01 09:49:50,12.99401859,77.66268289,3,888.022,-86.345,1.200,245,13,23,,
T,2018-08-01 09:49:51,12.99401426,77.66267527,3,886.945,-86.345,0.970,245,11,21,,
T,2018-08-01 09:49:52,12.99400890,77.66266732,4,887.297,-86.345,1.140,245,13,23,,
T,2018-08-01 09:49:53,12.99400376,77.66266011,4,885.064,-86.345,1.000,241,10,20,,
T,2018-08-01 09:49:54,12.99399885,77.66265305,4,884.622,-86.345,1.090,241,11,21,,
T,2018-08-01 09:49:55,12.99399498,77.66264580,4,884.702,-86.345,0.640,241,13,23,,
T,2018-08-01 09:49:56,12.99399474,77.66263920,4,885.325,-86.345,0.720,241,12,21,,
T,2018-08-01 09:49:57,12.99399533,77.66262845,4,885.368,-86.345,1.080,255,14,23,,
T,2018-08-01 09:49:58,12.99399261,77.66261765,5,884.487,-86.345,1.020,255,13,22,,
T,2018-08-01 09:49:59,12.99398717,77.66260991,5,882.966,-86.345,0.680,255,12,21,,
T,2018-08-01 09:50:00,12.99398182,77.66260210,6,882.438,-86.345,0.820,255,14,23,,
T,2018-08-01 09:50:01,12.99397362,77.66259235,5,881.902,-86.345,1.290,237,11,20,,
T,2018-08-01 09:50:02,12.99396477,77.66258276,5,882.280,-86.345,0.660,255,15,23,,
T,2018-08-01 09:50:03,12.99395780,77.66257439,5,882.295,-86.345,0.750,255,13,21,,
T,2018-08-01 09:50:04,12.99395131,77.66256329,5,881.413,-86.345,1.130,249,15,23,,
T,2018-08-01 09:50:05,12.99394677,77.66254959,5,881.462,-86.345,1.120,255,13,21,,
T,2018-08-01 09:50:06,12.99394269,77.66253632,4,881.589,-86.345,1.290,256,13,21,,
T,2018-08-01 09:50:07,12.99393918,77.66252380,4,883.147,-86.345,0.810,255,13,21,,
T,2018-08-01 09:50:08,12.99393428,77.66251379,5,883.691,-86.345,0.620,255,13,21,,
T,2018-08-01 09:50:09,12.99392464,77.66250578,5,884.171,-86.345,1.170,208,13,21,,
T,2018-08-01 09:50:10,12.99391387,77.66250131,5,883.480,-86.346,0.630,255,13,21,,
T,2018-08-01 09:50:11,12.99390335,77.66249634,5,885.927,-86.346,1.060,195,11,18,,
T,2018-08-01 09:50:12,12.99389299,77.66248441,4,885.317,-86.346,1.300,232,15,22,,
T,2018-08-01 09:50:13,12.99388567,77.66246805,4,885.677,-86.346,1.340,245,15,22,,
T,2018-08-01 09:50:14,12.99387932,77.66245186,4,885.811,-86.346,1.400,251,16,23,,
T,2018-08-01 09:50:15,12.99387468,77.66243704,3,885.706,-86.346,0.930,251,13,21,,
T,2018-08-01 09:50:16,12.99387011,77.66242417,3,886.695,-86.346,0.900,250,13,21,,
T,2018-08-01 09:50:17,12.99386766,77.66241445,3,887.463,-86.346,0.340,251,14,23,,
